Pre_Epoch 0 [4.2s]: train==[0.32736=0.27416 + 0.05290 + 0.00030]
GateStats epoch=0 w_img=0.50876 w_txt=0.49124 q_img=0.50880 q_txt=0.49486
D:\保研\夏令营资料\南开计算机 宋春瑶\MELON\codes\utility\batch_test.py:168: UserWarning: To copy construct from a tensor, it is recommended to use sourceTensor.clone().detach() or sourceTensor.clone().detach().requires_grad_(True), rather than torch.tensor(sourceTensor).
  rel_score_tensor = torch.tensor(total_pos_rel_score_array, device=i_rate_batch.device, dtype=i_rate_batch.dtype)
Pre_Epoch 0 [4.3s + 220.9s]:  val==[0.32736=0.27416 + 0.05290 + 0.00030]
precision@10=[0.00180], recall@10=[0.01800] , ndcg@10=[0.00996]
precision@20=[0.00160], recall@20=[0.03200] , ndcg@20=[0.01348]
Pre_Epoch 1 [2.3s]: train==[0.26907=0.23337 + 0.03543 + 0.00026]
GateStats epoch=1 w_img=0.48321 w_txt=0.51679 q_img=0.43584 q_txt=0.49952
Pre_Epoch 2 [2.2s]: train==[0.25479=0.22345 + 0.03109 + 0.00025]
GateStats epoch=2 w_img=0.50166 w_txt=0.49834 q_img=0.52757 q_txt=0.48972
Pre_Epoch 3 [2.3s]: train==[0.23370=0.20342 + 0.03000 + 0.00027]
GateStats epoch=3 w_img=0.51289 w_txt=0.48711 q_img=0.60923 q_txt=0.48155
Pre_Epoch 4 [2.3s]: train==[0.20330=0.17491 + 0.02811 + 0.00028]
GateStats epoch=4 w_img=0.51342 w_txt=0.48658 q_img=0.63985 q_txt=0.47778
Pre_Epoch 5 [2.2s]: train==[0.19363=0.16685 + 0.02650 + 0.00027]
GateStats epoch=5 w_img=0.51341 w_txt=0.48659 q_img=0.64551 q_txt=0.47496
Pre_Epoch 5 [2.2s + 149.9s]:  val==[0.19363=0.16685 + 0.02650 + 0.00027]
precision@10=[0.00160], recall@10=[0.01600] , ndcg@10=[0.00965]
precision@20=[0.00160], recall@20=[0.03200] , ndcg@20=[0.01367]
#####Early stopping steps: 1 #####
Pre_Epoch 6 [2.2s]: train==[0.18191=0.15692 + 0.02471 + 0.00028]
GateStats epoch=6 w_img=0.51498 w_txt=0.48502 q_img=0.64632 q_txt=0.47557
Pre_Epoch 7 [2.1s]: train==[0.16320=0.13944 + 0.02348 + 0.00029]
GateStats epoch=7 w_img=0.51783 w_txt=0.48217 q_img=0.63441 q_txt=0.47651
Pre_Epoch 8 [2.1s]: train==[0.15248=0.12975 + 0.02242 + 0.00030]
GateStats epoch=8 w_img=0.51910 w_txt=0.48090 q_img=0.61013 q_txt=0.47935
Pre_Epoch 9 [2.2s]: train==[0.13790=0.11633 + 0.02128 + 0.00029]
GateStats epoch=9 w_img=0.51674 w_txt=0.48326 q_img=0.58351 q_txt=0.48200
Pre_Epoch 10 [2.1s]: train==[0.13291=0.11189 + 0.02073 + 0.00029]
GateStats epoch=10 w_img=0.51496 w_txt=0.48504 q_img=0.56057 q_txt=0.48645
Pre_Epoch 10 [2.2s + 362.9s]:  val==[0.13291=0.11189 + 0.02073 + 0.00029]
precision@10=[0.00160], recall@10=[0.01600] , ndcg@10=[0.00862]
precision@20=[0.00180], recall@20=[0.03600] , ndcg@20=[0.01368]
Pre_Epoch 11 [2.0s]: train==[0.12798=0.10774 + 0.01995 + 0.00029]
GateStats epoch=11 w_img=0.51451 w_txt=0.48549 q_img=0.54341 q_txt=0.48882
Pre_Epoch 12 [1.9s]: train==[0.12078=0.10084 + 0.01964 + 0.00030]
GateStats epoch=12 w_img=0.51695 w_txt=0.48305 q_img=0.54026 q_txt=0.49083
Pre_Epoch 13 [1.6s]: train==[0.11163=0.09213 + 0.01919 + 0.00032]
GateStats epoch=13 w_img=0.51890 w_txt=0.48110 q_img=0.52737 q_txt=0.49094
Pre_Epoch 14 [1.7s]: train==[0.10481=0.08574 + 0.01874 + 0.00033]
GateStats epoch=14 w_img=0.52035 w_txt=0.47965 q_img=0.52101 q_txt=0.49320
Pre_Epoch 15 [1.7s]: train==[0.10116=0.08250 + 0.01832 + 0.00034]
GateStats epoch=15 w_img=0.52198 w_txt=0.47802 q_img=0.48734 q_txt=0.49706
Pre_Epoch 15 [1.7s + 136.5s]:  val==[0.10116=0.08250 + 0.01832 + 0.00034]
precision@10=[0.00200], recall@10=[0.02000] , ndcg@10=[0.01028]
precision@20=[0.00180], recall@20=[0.03600] , ndcg@20=[0.01438]
#####Early stopping steps: 1 #####
Pre_Epoch 16 [2.1s]: train==[0.09927=0.08106 + 0.01787 + 0.00033]
GateStats epoch=16 w_img=0.51997 w_txt=0.48003 q_img=0.44843 q_txt=0.50563
Pre_Epoch 17 [2.4s]: train==[0.09641=0.07834 + 0.01774 + 0.00033]
GateStats epoch=17 w_img=0.51724 w_txt=0.48276 q_img=0.41047 q_txt=0.51028
Pre_Epoch 18 [2.3s]: train==[0.08957=0.07189 + 0.01736 + 0.00033]
GateStats epoch=18 w_img=0.51532 w_txt=0.48468 q_img=0.38022 q_txt=0.51496
Pre_Epoch 19 [2.5s]: train==[0.08744=0.07006 + 0.01704 + 0.00034]
GateStats epoch=19 w_img=0.51767 w_txt=0.48233 q_img=0.36400 q_txt=0.51823
Pre_Epoch 20 [2.1s]: train==[0.08041=0.06353 + 0.01653 + 0.00034]
GateStats epoch=20 w_img=0.51776 w_txt=0.48224 q_img=0.35585 q_txt=0.52099
Pre_Epoch 20 [2.1s + 106.8s]:  val==[0.08041=0.06353 + 0.01653 + 0.00034]
precision@10=[0.00180], recall@10=[0.01800] , ndcg@10=[0.01028]
precision@20=[0.00180], recall@20=[0.03600] , ndcg@20=[0.01478]
#####Early stopping steps: 2 #####
Pre_Epoch 21 [1.5s]: train==[0.08076=0.06388 + 0.01653 + 0.00035]
GateStats epoch=21 w_img=0.51961 w_txt=0.48039 q_img=0.33612 q_txt=0.52392
Pre_Epoch 22 [1.4s]: train==[0.07423=0.05763 + 0.01625 + 0.00036]
GateStats epoch=22 w_img=0.51910 w_txt=0.48090 q_img=0.32065 q_txt=0.52806
Pre_Epoch 23 [1.6s]: train==[0.07113=0.05508 + 0.01570 + 0.00035]
GateStats epoch=23 w_img=0.51921 w_txt=0.48079 q_img=0.29986 q_txt=0.53320
Pre_Epoch 24 [1.9s]: train==[0.07122=0.05521 + 0.01565 + 0.00036]
GateStats epoch=24 w_img=0.51771 w_txt=0.48229 q_img=0.27493 q_txt=0.53909
Pre_Epoch 25 [1.6s]: train==[0.06938=0.05337 + 0.01564 + 0.00037]
GateStats epoch=25 w_img=0.51819 w_txt=0.48181 q_img=0.25187 q_txt=0.54302
Pre_Epoch 25 [1.6s + 114.3s]:  val==[0.06938=0.05337 + 0.01564 + 0.00037]
precision@10=[0.00180], recall@10=[0.01800] , ndcg@10=[0.01100]
precision@20=[0.00190], recall@20=[0.03800] , ndcg@20=[0.01603]
Pre_Epoch 26 [3.2s]: train==[0.06278=0.04728 + 0.01513 + 0.00037]
GateStats epoch=26 w_img=0.51838 w_txt=0.48162 q_img=0.23235 q_txt=0.54801
Pre_Epoch 27 [3.1s]: train==[0.06147=0.04607 + 0.01502 + 0.00038]
GateStats epoch=27 w_img=0.51859 w_txt=0.48141 q_img=0.21278 q_txt=0.55386
Pre_Epoch 28 [3.3s]: train==[0.06254=0.04722 + 0.01494 + 0.00038]
GateStats epoch=28 w_img=0.51805 w_txt=0.48195 q_img=0.18878 q_txt=0.56054
Pre_Epoch 29 [3.0s]: train==[0.05898=0.04381 + 0.01479 + 0.00038]
GateStats epoch=29 w_img=0.51726 w_txt=0.48274 q_img=0.16758 q_txt=0.56491
Final  {'precision': array([0.0028, 0.0025]), 'recall': array([0.02666667, 0.04866667]), 'ndcg': array([0.0163726 , 0.02177986]), 'auc': 0.0}
