Pre_Epoch 0 [1.7s]: train==[0.34069=0.28766 + 0.05302 + 0.00000]
D:\保研\夏令营资料\南开计算机 宋春瑶\MELON\codes\utility\batch_test.py:168: UserWarning: To copy construct from a tensor, it is recommended to use sourceTensor.clone().detach() or sourceTensor.clone().detach().requires_grad_(True), rather than torch.tensor(sourceTensor).
  rel_score_tensor = torch.tensor(total_pos_rel_score_array, device=i_rate_batch.device, dtype=i_rate_batch.dtype)
Pre_Epoch 0 [1.7s + 103.6s]:  val==[0.34069=0.28766 + 0.05302 + 0.00000]
precision@10=[0.00160], recall@10=[0.01600] , ndcg@10=[0.00930]
precision@20=[0.00120], recall@20=[0.02400] , ndcg@20=[0.01140]
Pre_Epoch 1 [3.2s]: train==[0.28131=0.24578 + 0.03553 + 0.00000]
Pre_Epoch 2 [3.2s]: train==[0.26682=0.23565 + 0.03117 + 0.00000]
Pre_Epoch 3 [3.1s]: train==[0.24470=0.21460 + 0.03009 + 0.00000]
Pre_Epoch 4 [2.8s]: train==[0.21314=0.18495 + 0.02819 + 0.00000]
Pre_Epoch 5 [3.1s]: train==[0.20254=0.17596 + 0.02659 + 0.00000]
Pre_Epoch 5 [3.1s + 178.4s]:  val==[0.20254=0.17596 + 0.02659 + 0.00000]
precision@10=[0.00140], recall@10=[0.01400] , ndcg@10=[0.00882]
precision@20=[0.00150], recall@20=[0.03000] , ndcg@20=[0.01286]
Pre_Epoch 6 [3.1s]: train==[0.19118=0.16638 + 0.02480 + 0.00000]
Pre_Epoch 7 [3.0s]: train==[0.17150=0.14793 + 0.02356 + 0.00000]
Pre_Epoch 8 [2.8s]: train==[0.16012=0.13762 + 0.02250 + 0.00000]
Pre_Epoch 9 [2.7s]: train==[0.14505=0.12370 + 0.02135 + 0.00000]
Pre_Epoch 10 [2.9s]: train==[0.13952=0.11872 + 0.02080 + 0.00000]
Pre_Epoch 10 [2.9s + 40711.5s]:  val==[0.13952=0.11872 + 0.02080 + 0.00000]
precision@10=[0.00140], recall@10=[0.01400] , ndcg@10=[0.00736]
precision@20=[0.00170], recall@20=[0.03400] , ndcg@20=[0.01250]
Pre_Epoch 11 [1.3s]: train==[0.13450=0.11446 + 0.02004 + 0.00000]
Pre_Epoch 12 [1.4s]: train==[0.12696=0.10724 + 0.01972 + 0.00000]
Pre_Epoch 13 [1.4s]: train==[0.11735=0.09809 + 0.01926 + 0.00000]
Pre_Epoch 14 [1.3s]: train==[0.11037=0.09155 + 0.01882 + 0.00000]
Pre_Epoch 15 [1.3s]: train==[0.10661=0.08821 + 0.01840 + 0.00000]
Pre_Epoch 15 [1.3s + 87.0s]:  val==[0.10661=0.08821 + 0.01840 + 0.00000]
precision@10=[0.00220], recall@10=[0.02200] , ndcg@10=[0.01029]
precision@20=[0.00170], recall@20=[0.03400] , ndcg@20=[0.01333]
#####Early stopping steps: 1 #####
Pre_Epoch 16 [1.3s]: train==[0.10405=0.08610 + 0.01795 + 0.00000]
Pre_Epoch 17 [1.3s]: train==[0.10147=0.08364 + 0.01783 + 0.00000]
Pre_Epoch 18 [1.3s]: train==[0.09395=0.07651 + 0.01744 + 0.00000]
Pre_Epoch 19 [1.3s]: train==[0.09184=0.07472 + 0.01712 + 0.00000]
Pre_Epoch 20 [1.3s]: train==[0.08453=0.06792 + 0.01661 + 0.00000]
Pre_Epoch 20 [1.3s + 84.9s]:  val==[0.08453=0.06792 + 0.01661 + 0.00000]
precision@10=[0.00200], recall@10=[0.02000] , ndcg@10=[0.00965]
precision@20=[0.00180], recall@20=[0.03600] , ndcg@20=[0.01364]
Pre_Epoch 21 [1.4s]: train==[0.08451=0.06790 + 0.01661 + 0.00000]
Pre_Epoch 22 [1.4s]: train==[0.07792=0.06159 + 0.01632 + 0.00000]
Pre_Epoch 23 [1.4s]: train==[0.07447=0.05870 + 0.01577 + 0.00000]
Pre_Epoch 24 [1.3s]: train==[0.07451=0.05879 + 0.01572 + 0.00000]
Pre_Epoch 25 [1.3s]: train==[0.07293=0.05720 + 0.01572 + 0.00000]
Pre_Epoch 25 [1.3s + 79.1s]:  val==[0.07293=0.05720 + 0.01572 + 0.00000]
precision@10=[0.00200], recall@10=[0.02000] , ndcg@10=[0.01011]
precision@20=[0.00180], recall@20=[0.03600] , ndcg@20=[0.01412]
#####Early stopping steps: 1 #####
Pre_Epoch 26 [1.3s]: train==[0.06573=0.05053 + 0.01521 + 0.00000]
Pre_Epoch 27 [1.3s]: train==[0.06425=0.04915 + 0.01510 + 0.00000]
Pre_Epoch 28 [1.4s]: train==[0.06538=0.05037 + 0.01502 + 0.00000]
Pre_Epoch 29 [1.3s]: train==[0.06165=0.04678 + 0.01487 + 0.00000]
Final  {'precision': array([0.0028, 0.0023]), 'recall': array([0.02666667, 0.04466667]), 'ndcg': array([0.01507509, 0.01944322]), 'auc': 0.0}
