Pre_Epoch 0 [2.0s]: train==[0.28961=0.23664 + 0.05294 + 0.00004]
GateStats epoch=0 w_img=0.52416 w_txt=0.47584 q_img=0.55121 q_txt=0.48960
D:\保研\夏令营资料\南开计算机 宋春瑶\MELON\codes\utility\batch_test.py:168: UserWarning: To copy construct from a tensor, it is recommended to use sourceTensor.clone().detach() or sourceTensor.clone().detach().requires_grad_(True), rather than torch.tensor(sourceTensor).
  rel_score_tensor = torch.tensor(total_pos_rel_score_array, device=i_rate_batch.device, dtype=i_rate_batch.dtype)
Pre_Epoch 0 [2.0s + 139.9s]:  val==[0.28961=0.23664 + 0.05294 + 0.00004]
precision@10=[0.00200], recall@10=[0.02000] , ndcg@10=[0.01055]
precision@20=[0.00150], recall@20=[0.03000] , ndcg@20=[0.01310]
Pre_Epoch 1 [1.8s]: train==[0.23438=0.19891 + 0.03544 + 0.00003]
GateStats epoch=1 w_img=0.49211 w_txt=0.50789 q_img=0.51669 q_txt=0.48932
Pre_Epoch 2 [1.8s]: train==[0.22215=0.19100 + 0.03112 + 0.00003]
GateStats epoch=2 w_img=0.51976 w_txt=0.48024 q_img=0.56274 q_txt=0.48465
Pre_Epoch 3 [1.7s]: train==[0.20285=0.17276 + 0.03004 + 0.00005]
GateStats epoch=3 w_img=0.54742 w_txt=0.45258 q_img=0.62917 q_txt=0.47887
Pre_Epoch 4 [1.9s]: train==[0.17571=0.14750 + 0.02815 + 0.00006]
GateStats epoch=4 w_img=0.56716 w_txt=0.43284 q_img=0.70204 q_txt=0.47099
Pre_Epoch 5 [1.8s]: train==[0.16702=0.14042 + 0.02652 + 0.00008]
GateStats epoch=5 w_img=0.58577 w_txt=0.41423 q_img=0.77331 q_txt=0.46004
Pre_Epoch 5 [1.8s + 124.4s]:  val==[0.16702=0.14042 + 0.02652 + 0.00008]
precision@10=[0.00200], recall@10=[0.02000] , ndcg@10=[0.01078]
precision@20=[0.00150], recall@20=[0.03000] , ndcg@20=[0.01332]
#####Early stopping steps: 1 #####
Pre_Epoch 6 [1.8s]: train==[0.15598=0.13115 + 0.02472 + 0.00010]
GateStats epoch=6 w_img=0.60447 w_txt=0.39553 q_img=0.83813 q_txt=0.44978
Pre_Epoch 7 [1.8s]: train==[0.13975=0.11614 + 0.02349 + 0.00012]
GateStats epoch=7 w_img=0.62036 w_txt=0.37964 q_img=0.88001 q_txt=0.43740
Pre_Epoch 8 [1.9s]: train==[0.13001=0.10743 + 0.02244 + 0.00014]
GateStats epoch=8 w_img=0.63215 w_txt=0.36785 q_img=0.90890 q_txt=0.42442
Pre_Epoch 9 [1.7s]: train==[0.11685=0.09542 + 0.02128 + 0.00015]
GateStats epoch=9 w_img=0.63877 w_txt=0.36123 q_img=0.92954 q_txt=0.40960
Pre_Epoch 10 [1.7s]: train==[0.11293=0.09204 + 0.02073 + 0.00016]
GateStats epoch=10 w_img=0.64457 w_txt=0.35543 q_img=0.94802 q_txt=0.39556
Pre_Epoch 10 [1.7s + 120.0s]:  val==[0.11293=0.09204 + 0.02073 + 0.00016]
precision@10=[0.00180], recall@10=[0.01800] , ndcg@10=[0.00951]
precision@20=[0.00180], recall@20=[0.03600] , ndcg@20=[0.01411]
Pre_Epoch 11 [1.7s]: train==[0.10844=0.08833 + 0.01995 + 0.00017]
GateStats epoch=11 w_img=0.65070 w_txt=0.34930 q_img=0.96175 q_txt=0.37972
Pre_Epoch 12 [1.7s]: train==[0.10216=0.08235 + 0.01963 + 0.00018]
GateStats epoch=12 w_img=0.65833 w_txt=0.34167 q_img=0.97112 q_txt=0.36397
Pre_Epoch 13 [1.8s]: train==[0.09431=0.07494 + 0.01918 + 0.00020]
GateStats epoch=13 w_img=0.66597 w_txt=0.33403 q_img=0.97929 q_txt=0.34765
Pre_Epoch 14 [1.9s]: train==[0.08851=0.06957 + 0.01873 + 0.00021]
GateStats epoch=14 w_img=0.67295 w_txt=0.32705 q_img=0.98489 q_txt=0.33018
Pre_Epoch 15 [1.7s]: train==[0.08566=0.06713 + 0.01831 + 0.00022]
GateStats epoch=15 w_img=0.67918 w_txt=0.32082 q_img=0.98825 q_txt=0.31547
Pre_Epoch 15 [1.7s + 78.9s]:  val==[0.08566=0.06713 + 0.01831 + 0.00022]
precision@10=[0.00240], recall@10=[0.02400] , ndcg@10=[0.01224]
precision@20=[0.00180], recall@20=[0.03600] , ndcg@20=[0.01527]
#####Early stopping steps: 1 #####
Pre_Epoch 16 [1.1s]: train==[0.08364=0.06556 + 0.01785 + 0.00023]
GateStats epoch=16 w_img=0.68132 w_txt=0.31868 q_img=0.99069 q_txt=0.30334
Pre_Epoch 17 [1.0s]: train==[0.08114=0.06319 + 0.01772 + 0.00024]
GateStats epoch=17 w_img=0.68383 w_txt=0.31617 q_img=0.99266 q_txt=0.28573
Pre_Epoch 18 [1.0s]: train==[0.07550=0.05793 + 0.01733 + 0.00024]
GateStats epoch=18 w_img=0.68566 w_txt=0.31434 q_img=0.99389 q_txt=0.27262
Pre_Epoch 19 [1.0s]: train==[0.07332=0.05606 + 0.01701 + 0.00025]
GateStats epoch=19 w_img=0.69102 w_txt=0.30898 q_img=0.99478 q_txt=0.25870
Pre_Epoch 20 [1.0s]: train==[0.06760=0.05084 + 0.01650 + 0.00026]
GateStats epoch=20 w_img=0.69388 w_txt=0.30612 q_img=0.99569 q_txt=0.24652
Pre_Epoch 20 [1.0s + 71.7s]:  val==[0.06760=0.05084 + 0.01650 + 0.00026]
precision@10=[0.00180], recall@10=[0.01800] , ndcg@10=[0.01087]
precision@20=[0.00180], recall@20=[0.03600] , ndcg@20=[0.01538]
#####Early stopping steps: 2 #####
Pre_Epoch 21 [1.0s]: train==[0.06784=0.05108 + 0.01649 + 0.00027]
GateStats epoch=21 w_img=0.69900 w_txt=0.30100 q_img=0.99603 q_txt=0.23270
Pre_Epoch 22 [1.0s]: train==[0.06218=0.04570 + 0.01620 + 0.00028]
GateStats epoch=22 w_img=0.70163 w_txt=0.29837 q_img=0.99644 q_txt=0.22050
Pre_Epoch 23 [1.0s]: train==[0.05973=0.04380 + 0.01564 + 0.00029]
GateStats epoch=23 w_img=0.70485 w_txt=0.29515 q_img=0.99671 q_txt=0.20932
Pre_Epoch 24 [1.0s]: train==[0.06006=0.04417 + 0.01559 + 0.00029]
GateStats epoch=24 w_img=0.70602 w_txt=0.29398 q_img=0.99696 q_txt=0.20069
Pre_Epoch 25 [0.9s]: train==[0.05814=0.04226 + 0.01558 + 0.00030]
GateStats epoch=25 w_img=0.70872 w_txt=0.29128 q_img=0.99719 q_txt=0.19015
Pre_Epoch 25 [0.9s + 71.7s]:  val==[0.05814=0.04226 + 0.01558 + 0.00030]
precision@10=[0.00220], recall@10=[0.02200] , ndcg@10=[0.01175]
precision@20=[0.00190], recall@20=[0.03800] , ndcg@20=[0.01575]
Pre_Epoch 26 [1.0s]: train==[0.05275=0.03738 + 0.01507 + 0.00030]
GateStats epoch=26 w_img=0.71081 w_txt=0.28919 q_img=0.99741 q_txt=0.18163
Pre_Epoch 27 [0.9s]: train==[0.05187=0.03660 + 0.01495 + 0.00031]
GateStats epoch=27 w_img=0.71306 w_txt=0.28694 q_img=0.99752 q_txt=0.17379
Pre_Epoch 28 [0.9s]: train==[0.05241=0.03722 + 0.01487 + 0.00032]
GateStats epoch=28 w_img=0.71482 w_txt=0.28518 q_img=0.99749 q_txt=0.16660
Pre_Epoch 29 [1.0s]: train==[0.04974=0.03471 + 0.01471 + 0.00032]
GateStats epoch=29 w_img=0.71615 w_txt=0.28385 q_img=0.99763 q_txt=0.15896
Final  {'precision': array([0.003 , 0.0024]), 'recall': array([0.02866667, 0.04666667]), 'ndcg': array([0.01604758, 0.02045764]), 'auc': 0.0}
