Pre_Epoch 0 [1.5s]: train==[0.34104=0.28797 + 0.05308 + 0.00000]
D:\保研\夏令营资料\南开计算机 宋春瑶\MELON\codes\utility\batch_test.py:168: UserWarning: To copy construct from a tensor, it is recommended to use sourceTensor.clone().detach() or sourceTensor.clone().detach().requires_grad_(True), rather than torch.tensor(sourceTensor).
  rel_score_tensor = torch.tensor(total_pos_rel_score_array, device=i_rate_batch.device, dtype=i_rate_batch.dtype)
Pre_Epoch 0 [1.5s + 84.4s]:  val==[0.34104=0.28797 + 0.05308 + 0.00000]
precision@10=[0.00140], recall@10=[0.01400] , ndcg@10=[0.00872]
precision@20=[0.00120], recall@20=[0.02400] , ndcg@20=[0.01138]
Pre_Epoch 1 [1.5s]: train==[0.28162=0.24602 + 0.03560 + 0.00000]
Pre_Epoch 2 [1.4s]: train==[0.26688=0.23566 + 0.03123 + 0.00000]
Pre_Epoch 3 [1.4s]: train==[0.24489=0.21474 + 0.03014 + 0.00000]
Pre_Epoch 4 [1.4s]: train==[0.21327=0.18501 + 0.02826 + 0.00000]
Pre_Epoch 5 [1.4s]: train==[0.20245=0.17580 + 0.02665 + 0.00000]
Pre_Epoch 5 [1.4s + 84.5s]:  val==[0.20245=0.17580 + 0.02665 + 0.00000]
precision@10=[0.00160], recall@10=[0.01600] , ndcg@10=[0.00932]
precision@20=[0.00150], recall@20=[0.03000] , ndcg@20=[0.01271]
Pre_Epoch 6 [1.3s]: train==[0.19146=0.16661 + 0.02485 + 0.00000]
Pre_Epoch 7 [1.4s]: train==[0.17168=0.14807 + 0.02362 + 0.00000]
Pre_Epoch 8 [1.4s]: train==[0.16043=0.13787 + 0.02255 + 0.00000]
Pre_Epoch 9 [1.3s]: train==[0.14515=0.12375 + 0.02140 + 0.00000]
Pre_Epoch 10 [1.4s]: train==[0.13967=0.11881 + 0.02086 + 0.00000]
Pre_Epoch 10 [1.4s + 80.6s]:  val==[0.13967=0.11881 + 0.02086 + 0.00000]
precision@10=[0.00140], recall@10=[0.01400] , ndcg@10=[0.00744]
precision@20=[0.00170], recall@20=[0.03400] , ndcg@20=[0.01253]
Pre_Epoch 11 [1.3s]: train==[0.13454=0.11445 + 0.02009 + 0.00000]
Pre_Epoch 12 [1.3s]: train==[0.12702=0.10725 + 0.01977 + 0.00000]
Pre_Epoch 13 [1.4s]: train==[0.11757=0.09826 + 0.01931 + 0.00000]
Pre_Epoch 14 [1.5s]: train==[0.11040=0.09153 + 0.01887 + 0.00000]
Pre_Epoch 15 [1.3s]: train==[0.10663=0.08818 + 0.01845 + 0.00000]
Pre_Epoch 15 [1.3s + 78.7s]:  val==[0.10663=0.08818 + 0.01845 + 0.00000]
precision@10=[0.00220], recall@10=[0.02200] , ndcg@10=[0.01029]
precision@20=[0.00160], recall@20=[0.03200] , ndcg@20=[0.01280]
#####Early stopping steps: 1 #####
Pre_Epoch 16 [1.4s]: train==[0.10406=0.08606 + 0.01800 + 0.00000]
Pre_Epoch 17 [1.3s]: train==[0.10177=0.08390 + 0.01787 + 0.00000]
Pre_Epoch 18 [1.3s]: train==[0.09405=0.07657 + 0.01749 + 0.00000]
Pre_Epoch 19 [1.4s]: train==[0.09195=0.07479 + 0.01716 + 0.00000]
Pre_Epoch 20 [1.4s]: train==[0.08472=0.06806 + 0.01666 + 0.00000]
Pre_Epoch 20 [1.4s + 79.4s]:  val==[0.08472=0.06806 + 0.01666 + 0.00000]
precision@10=[0.00160], recall@10=[0.01600] , ndcg@10=[0.00845]
precision@20=[0.00160], recall@20=[0.03200] , ndcg@20=[0.01259]
#####Early stopping steps: 2 #####
Pre_Epoch 21 [1.4s]: train==[0.08442=0.06776 + 0.01666 + 0.00000]
Pre_Epoch 22 [1.3s]: train==[0.07804=0.06167 + 0.01637 + 0.00000]
Pre_Epoch 23 [1.3s]: train==[0.07454=0.05872 + 0.01582 + 0.00000]
Pre_Epoch 24 [1.4s]: train==[0.07450=0.05873 + 0.01576 + 0.00000]
Pre_Epoch 25 [1.4s]: train==[0.07290=0.05713 + 0.01577 + 0.00000]
Pre_Epoch 25 [1.4s + 83.6s]:  val==[0.07290=0.05713 + 0.01577 + 0.00000]
precision@10=[0.00180], recall@10=[0.01800] , ndcg@10=[0.00923]
precision@20=[0.00160], recall@20=[0.03200] , ndcg@20=[0.01286]
#####Early stopping steps: 3 #####
Pre_Epoch 26 [1.4s]: train==[0.06575=0.05050 + 0.01525 + 0.00000]
Pre_Epoch 27 [1.3s]: train==[0.06429=0.04915 + 0.01513 + 0.00000]
Pre_Epoch 28 [1.3s]: train==[0.06531=0.05025 + 0.01506 + 0.00000]
Pre_Epoch 29 [1.4s]: train==[0.06164=0.04673 + 0.01491 + 0.00000]
Final  {'precision': array([0.0034, 0.0021]), 'recall': array([0.03266667, 0.04066667]), 'ndcg': array([0.01584364, 0.0179533 ]), 'auc': 0.0}
