Pre_Epoch 0 [2.0s]: train==[0.32722=0.27417 + 0.05290 + 0.00015]
GateStats epoch=0 w_img=0.51014 w_txt=0.48986 q_img=0.51706 q_txt=0.49379
D:\保研\夏令营资料\南开计算机 宋春瑶\MELON\codes\utility\batch_test.py:168: UserWarning: To copy construct from a tensor, it is recommended to use sourceTensor.clone().detach() or sourceTensor.clone().detach().requires_grad_(True), rather than torch.tensor(sourceTensor).
  rel_score_tensor = torch.tensor(total_pos_rel_score_array, device=i_rate_batch.device, dtype=i_rate_batch.dtype)
Pre_Epoch 0 [2.0s + 122.7s]:  val==[0.32722=0.27417 + 0.05290 + 0.00015]
precision@10=[0.00180], recall@10=[0.01800] , ndcg@10=[0.00996]
precision@20=[0.00160], recall@20=[0.03200] , ndcg@20=[0.01348]
Pre_Epoch 1 [2.1s]: train==[0.26892=0.23336 + 0.03543 + 0.00013]
GateStats epoch=1 w_img=0.48213 w_txt=0.51787 q_img=0.46085 q_txt=0.49668
Pre_Epoch 2 [1.9s]: train==[0.25464=0.22342 + 0.03109 + 0.00013]
GateStats epoch=2 w_img=0.50582 w_txt=0.49418 q_img=0.55707 q_txt=0.48717
Pre_Epoch 3 [1.9s]: train==[0.23354=0.20340 + 0.03000 + 0.00014]
GateStats epoch=3 w_img=0.52153 w_txt=0.47847 q_img=0.63974 q_txt=0.47936
Pre_Epoch 4 [2.0s]: train==[0.20315=0.17489 + 0.02811 + 0.00015]
GateStats epoch=4 w_img=0.52402 w_txt=0.47598 q_img=0.67334 q_txt=0.47540
Pre_Epoch 5 [1.9s]: train==[0.19347=0.16682 + 0.02650 + 0.00015]
GateStats epoch=5 w_img=0.52452 w_txt=0.47548 q_img=0.67998 q_txt=0.47240
Pre_Epoch 5 [2.0s + 123.3s]:  val==[0.19347=0.16682 + 0.02650 + 0.00015]
precision@10=[0.00160], recall@10=[0.01600] , ndcg@10=[0.00965]
precision@20=[0.00160], recall@20=[0.03200] , ndcg@20=[0.01367]
#####Early stopping steps: 1 #####
Pre_Epoch 6 [1.9s]: train==[0.18174=0.15688 + 0.02471 + 0.00016]
GateStats epoch=6 w_img=0.52622 w_txt=0.47378 q_img=0.68255 q_txt=0.47255
Pre_Epoch 7 [1.8s]: train==[0.16303=0.13939 + 0.02348 + 0.00016]
GateStats epoch=7 w_img=0.52887 w_txt=0.47113 q_img=0.67570 q_txt=0.47238
Pre_Epoch 8 [1.9s]: train==[0.15231=0.12971 + 0.02242 + 0.00017]
GateStats epoch=8 w_img=0.53001 w_txt=0.46999 q_img=0.66526 q_txt=0.47304
Pre_Epoch 9 [1.8s]: train==[0.13773=0.11629 + 0.02128 + 0.00017]
GateStats epoch=9 w_img=0.52798 w_txt=0.47202 q_img=0.65903 q_txt=0.47251
Pre_Epoch 10 [1.9s]: train==[0.13274=0.11185 + 0.02073 + 0.00017]
GateStats epoch=10 w_img=0.52685 w_txt=0.47315 q_img=0.65955 q_txt=0.47323
Pre_Epoch 10 [1.9s + 130.5s]:  val==[0.13274=0.11185 + 0.02073 + 0.00017]
precision@10=[0.00160], recall@10=[0.01600] , ndcg@10=[0.00862]
precision@20=[0.00180], recall@20=[0.03600] , ndcg@20=[0.01368]
Pre_Epoch 11 [2.0s]: train==[0.12781=0.10769 + 0.01995 + 0.00017]
GateStats epoch=11 w_img=0.52755 w_txt=0.47245 q_img=0.66756 q_txt=0.47177
Pre_Epoch 12 [1.9s]: train==[0.12061=0.10079 + 0.01964 + 0.00018]
GateStats epoch=12 w_img=0.53179 w_txt=0.46821 q_img=0.68918 q_txt=0.47035
Pre_Epoch 13 [1.9s]: train==[0.11145=0.09207 + 0.01919 + 0.00019]
GateStats epoch=13 w_img=0.53512 w_txt=0.46488 q_img=0.70115 q_txt=0.46763
Pre_Epoch 14 [1.9s]: train==[0.10463=0.08569 + 0.01874 + 0.00020]
GateStats epoch=14 w_img=0.53749 w_txt=0.46251 q_img=0.71047 q_txt=0.46745
Pre_Epoch 15 [2.0s]: train==[0.10097=0.08245 + 0.01832 + 0.00020]
GateStats epoch=15 w_img=0.53827 w_txt=0.46173 q_img=0.68833 q_txt=0.46953
Pre_Epoch 15 [2.0s + 129.4s]:  val==[0.10097=0.08245 + 0.01832 + 0.00020]
precision@10=[0.00200], recall@10=[0.02000] , ndcg@10=[0.01028]
precision@20=[0.00180], recall@20=[0.03600] , ndcg@20=[0.01438]
#####Early stopping steps: 1 #####
Pre_Epoch 16 [1.8s]: train==[0.09909=0.08102 + 0.01787 + 0.00019]
GateStats epoch=16 w_img=0.53412 w_txt=0.46588 q_img=0.65000 q_txt=0.47645
Pre_Epoch 17 [1.7s]: train==[0.09623=0.07830 + 0.01774 + 0.00018]
GateStats epoch=17 w_img=0.53008 w_txt=0.46992 q_img=0.61971 q_txt=0.47845
Pre_Epoch 18 [1.8s]: train==[0.08938=0.07184 + 0.01736 + 0.00018]
GateStats epoch=18 w_img=0.52809 w_txt=0.47191 q_img=0.60913 q_txt=0.48024
Pre_Epoch 19 [1.8s]: train==[0.08724=0.07000 + 0.01704 + 0.00019]
GateStats epoch=19 w_img=0.53164 w_txt=0.46836 q_img=0.61922 q_txt=0.48021
Pre_Epoch 20 [1.8s]: train==[0.08021=0.06348 + 0.01653 + 0.00020]
GateStats epoch=20 w_img=0.53296 w_txt=0.46704 q_img=0.63255 q_txt=0.48030
Pre_Epoch 20 [1.8s + 126.7s]:  val==[0.08021=0.06348 + 0.01653 + 0.00020]
precision@10=[0.00180], recall@10=[0.01800] , ndcg@10=[0.01028]
precision@20=[0.00180], recall@20=[0.03600] , ndcg@20=[0.01477]
#####Early stopping steps: 2 #####
Pre_Epoch 21 [2.1s]: train==[0.08056=0.06383 + 0.01653 + 0.00021]
GateStats epoch=21 w_img=0.53503 w_txt=0.46497 q_img=0.62824 q_txt=0.48048
Pre_Epoch 22 [2.0s]: train==[0.07403=0.05758 + 0.01625 + 0.00021]
GateStats epoch=22 w_img=0.53424 w_txt=0.46576 q_img=0.61913 q_txt=0.48190
Pre_Epoch 23 [2.0s]: train==[0.07093=0.05504 + 0.01570 + 0.00020]
GateStats epoch=23 w_img=0.53389 w_txt=0.46611 q_img=0.60668 q_txt=0.48452
Pre_Epoch 24 [2.0s]: train==[0.07101=0.05517 + 0.01565 + 0.00020]
GateStats epoch=24 w_img=0.53111 w_txt=0.46889 q_img=0.58284 q_txt=0.48837
Pre_Epoch 25 [2.0s]: train==[0.06917=0.05332 + 0.01564 + 0.00021]
GateStats epoch=25 w_img=0.53096 w_txt=0.46904 q_img=0.56687 q_txt=0.48990
Pre_Epoch 25 [2.0s + 120.1s]:  val==[0.06917=0.05332 + 0.01564 + 0.00021]
precision@10=[0.00180], recall@10=[0.01800] , ndcg@10=[0.01100]
precision@20=[0.00190], recall@20=[0.03800] , ndcg@20=[0.01603]
Pre_Epoch 26 [1.8s]: train==[0.06257=0.04724 + 0.01513 + 0.00020]
GateStats epoch=26 w_img=0.53075 w_txt=0.46925 q_img=0.55496 q_txt=0.49161
Pre_Epoch 27 [1.8s]: train==[0.06126=0.04603 + 0.01502 + 0.00021]
GateStats epoch=27 w_img=0.53057 w_txt=0.46943 q_img=0.54387 q_txt=0.49430
Pre_Epoch 28 [1.8s]: train==[0.06232=0.04718 + 0.01494 + 0.00021]
GateStats epoch=28 w_img=0.52951 w_txt=0.47049 q_img=0.52911 q_txt=0.49699
Pre_Epoch 29 [1.8s]: train==[0.05876=0.04377 + 0.01479 + 0.00021]
GateStats epoch=29 w_img=0.52879 w_txt=0.47121 q_img=0.52163 q_txt=0.49706
Final  {'precision': array([0.0028, 0.0026]), 'recall': array([0.02666667, 0.05066667]), 'ndcg': array([0.0163726 , 0.02224488]), 'auc': 0.0}
