Pre_Epoch 0 [1.6s]: train==[0.34106=0.28815 + 0.05290 + 0.00000]
D:\保研\夏令营资料\南开计算机 宋春瑶\MELON\codes\utility\batch_test.py:168: UserWarning: To copy construct from a tensor, it is recommended to use sourceTensor.clone().detach() or sourceTensor.clone().detach().requires_grad_(True), rather than torch.tensor(sourceTensor).
  rel_score_tensor = torch.tensor(total_pos_rel_score_array, device=i_rate_batch.device, dtype=i_rate_batch.dtype)
Pre_Epoch 0 [1.6s + 129.2s]:  val==[0.34106=0.28815 + 0.05290 + 0.00000]
precision@10=[0.00160], recall@10=[0.01600] , ndcg@10=[0.00941]
precision@20=[0.00140], recall@20=[0.02800] , ndcg@20=[0.01249]
Pre_Epoch 1 [2.3s]: train==[0.28157=0.24613 + 0.03544 + 0.00000]
Pre_Epoch 2 [2.0s]: train==[0.26671=0.23561 + 0.03110 + 0.00000]
Pre_Epoch 3 [2.1s]: train==[0.24485=0.21485 + 0.03000 + 0.00000]
Pre_Epoch 4 [2.1s]: train==[0.21329=0.18519 + 0.02810 + 0.00000]
Pre_Epoch 5 [2.1s]: train==[0.20318=0.17668 + 0.02650 + 0.00000]
Pre_Epoch 5 [2.1s + 126.0s]:  val==[0.20318=0.17668 + 0.02650 + 0.00000]
precision@10=[0.00160], recall@10=[0.01600] , ndcg@10=[0.00965]
precision@20=[0.00160], recall@20=[0.03200] , ndcg@20=[0.01358]
Pre_Epoch 6 [2.0s]: train==[0.19121=0.16649 + 0.02471 + 0.00000]
Pre_Epoch 7 [2.1s]: train==[0.17154=0.14806 + 0.02349 + 0.00000]
Pre_Epoch 8 [2.1s]: train==[0.16041=0.13798 + 0.02243 + 0.00000]
Pre_Epoch 9 [2.0s]: train==[0.14531=0.12403 + 0.02128 + 0.00000]
Pre_Epoch 10 [1.9s]: train==[0.13994=0.11920 + 0.02074 + 0.00000]
Pre_Epoch 10 [1.9s + 128.5s]:  val==[0.13994=0.11920 + 0.02074 + 0.00000]
precision@10=[0.00140], recall@10=[0.01400] , ndcg@10=[0.00808]
precision@20=[0.00170], recall@20=[0.03400] , ndcg@20=[0.01320]
Pre_Epoch 11 [2.1s]: train==[0.13481=0.11485 + 0.01996 + 0.00000]
Pre_Epoch 12 [2.1s]: train==[0.12728=0.10764 + 0.01965 + 0.00000]
Pre_Epoch 13 [2.1s]: train==[0.11762=0.09843 + 0.01920 + 0.00000]
Pre_Epoch 14 [2.0s]: train==[0.11042=0.09167 + 0.01875 + 0.00000]
Pre_Epoch 15 [2.0s]: train==[0.10654=0.08820 + 0.01833 + 0.00000]
Pre_Epoch 15 [2.0s + 125.4s]:  val==[0.10654=0.08820 + 0.01833 + 0.00000]
precision@10=[0.00220], recall@10=[0.02200] , ndcg@10=[0.01082]
precision@20=[0.00170], recall@20=[0.03400] , ndcg@20=[0.01391]
#####Early stopping steps: 1 #####
Pre_Epoch 16 [2.5s]: train==[0.10463=0.08674 + 0.01789 + 0.00000]
Pre_Epoch 17 [2.0s]: train==[0.10158=0.08382 + 0.01776 + 0.00000]
Pre_Epoch 18 [2.3s]: train==[0.09431=0.07694 + 0.01738 + 0.00000]
Pre_Epoch 19 [2.1s]: train==[0.09213=0.07507 + 0.01706 + 0.00000]
Pre_Epoch 20 [2.1s]: train==[0.08471=0.06815 + 0.01655 + 0.00000]
Pre_Epoch 20 [2.1s + 98.9s]:  val==[0.08471=0.06815 + 0.01655 + 0.00000]
precision@10=[0.00200], recall@10=[0.02000] , ndcg@10=[0.01082]
precision@20=[0.00180], recall@20=[0.03600] , ndcg@20=[0.01480]
Pre_Epoch 21 [1.4s]: train==[0.08498=0.06842 + 0.01655 + 0.00000]
Pre_Epoch 22 [1.6s]: train==[0.07816=0.06189 + 0.01627 + 0.00000]
Pre_Epoch 23 [1.4s]: train==[0.07482=0.05910 + 0.01572 + 0.00000]
Pre_Epoch 24 [1.3s]: train==[0.07484=0.05917 + 0.01567 + 0.00000]
Pre_Epoch 25 [1.4s]: train==[0.07301=0.05734 + 0.01567 + 0.00000]
Pre_Epoch 25 [1.4s + 87.3s]:  val==[0.07301=0.05734 + 0.01567 + 0.00000]
precision@10=[0.00180], recall@10=[0.01800] , ndcg@10=[0.01100]
precision@20=[0.00190], recall@20=[0.03800] , ndcg@20=[0.01603]
Pre_Epoch 26 [1.4s]: train==[0.06595=0.05079 + 0.01516 + 0.00000]
Pre_Epoch 27 [1.3s]: train==[0.06445=0.04941 + 0.01504 + 0.00000]
Pre_Epoch 28 [1.3s]: train==[0.06567=0.05071 + 0.01496 + 0.00000]
Pre_Epoch 29 [1.5s]: train==[0.06186=0.04704 + 0.01482 + 0.00000]
Final  {'precision': array([0.0028, 0.0025]), 'recall': array([0.02666667, 0.04866667]), 'ndcg': array([0.01623395, 0.02165831]), 'auc': 0.0}
