Pre_Epoch 0 [1.1s]: train==[0.29044=0.23756 + 0.05288 + 0.00000]
GateStats epoch=0 w_img=0.50000 w_txt=0.50000 q_img=0.59480 q_txt=0.48749
D:\保研\夏令营资料\南开计算机 宋春瑶\MELON\codes\utility\batch_test.py:168: UserWarning: To copy construct from a tensor, it is recommended to use sourceTensor.clone().detach() or sourceTensor.clone().detach().requires_grad_(True), rather than torch.tensor(sourceTensor).
  rel_score_tensor = torch.tensor(total_pos_rel_score_array, device=i_rate_batch.device, dtype=i_rate_batch.dtype)
Pre_Epoch 0 [1.1s + 122.7s]:  val==[0.29044=0.23756 + 0.05288 + 0.00000]
precision@10=[0.00180], recall@10=[0.01800] , ndcg@10=[0.00996]
precision@20=[0.00160], recall@20=[0.03200] , ndcg@20=[0.01351]
Pre_Epoch 1 [1.5s]: train==[0.23521=0.19982 + 0.03540 + 0.00000]
GateStats epoch=1 w_img=0.50000 w_txt=0.50000 q_img=0.59554 q_txt=0.48608
Pre_Epoch 2 [1.5s]: train==[0.22275=0.19167 + 0.03108 + 0.00000]
GateStats epoch=2 w_img=0.50000 w_txt=0.50000 q_img=0.59402 q_txt=0.48581
Pre_Epoch 3 [1.5s]: train==[0.20363=0.17362 + 0.03001 + 0.00000]
GateStats epoch=3 w_img=0.50000 w_txt=0.50000 q_img=0.59414 q_txt=0.48626
Pre_Epoch 4 [1.5s]: train==[0.17651=0.14839 + 0.02811 + 0.00000]
GateStats epoch=4 w_img=0.50000 w_txt=0.50000 q_img=0.59363 q_txt=0.48661
Pre_Epoch 5 [1.4s]: train==[0.16808=0.14160 + 0.02649 + 0.00000]
GateStats epoch=5 w_img=0.50000 w_txt=0.50000 q_img=0.59446 q_txt=0.48479
Pre_Epoch 5 [1.4s + 110.5s]:  val==[0.16808=0.14160 + 0.02649 + 0.00000]
precision@10=[0.00180], recall@10=[0.01800] , ndcg@10=[0.01023]
precision@20=[0.00170], recall@20=[0.03400] , ndcg@20=[0.01419]
Pre_Epoch 6 [1.5s]: train==[0.15702=0.13233 + 0.02469 + 0.00000]
GateStats epoch=6 w_img=0.50000 w_txt=0.50000 q_img=0.59472 q_txt=0.48548
Pre_Epoch 7 [1.5s]: train==[0.14083=0.11737 + 0.02346 + 0.00000]
GateStats epoch=7 w_img=0.50000 w_txt=0.50000 q_img=0.59488 q_txt=0.48559
Pre_Epoch 8 [1.4s]: train==[0.13134=0.10894 + 0.02241 + 0.00000]
GateStats epoch=8 w_img=0.50000 w_txt=0.50000 q_img=0.59532 q_txt=0.48576
Pre_Epoch 9 [1.5s]: train==[0.11812=0.09686 + 0.02126 + 0.00000]
GateStats epoch=9 w_img=0.50000 w_txt=0.50000 q_img=0.59371 q_txt=0.48493
Pre_Epoch 10 [1.5s]: train==[0.11411=0.09340 + 0.02071 + 0.00000]
GateStats epoch=10 w_img=0.50000 w_txt=0.50000 q_img=0.59568 q_txt=0.48614
Pre_Epoch 10 [1.5s + 119.3s]:  val==[0.11411=0.09340 + 0.02071 + 0.00000]
precision@10=[0.00180], recall@10=[0.01800] , ndcg@10=[0.00934]
precision@20=[0.00190], recall@20=[0.03800] , ndcg@20=[0.01428]
Pre_Epoch 11 [2.3s]: train==[0.10975=0.08982 + 0.01993 + 0.00000]
GateStats epoch=11 w_img=0.50000 w_txt=0.50000 q_img=0.59468 q_txt=0.48582
Pre_Epoch 12 [1.8s]: train==[0.10339=0.08379 + 0.01961 + 0.00000]
GateStats epoch=12 w_img=0.50000 w_txt=0.50000 q_img=0.59423 q_txt=0.48626
Pre_Epoch 13 [1.6s]: train==[0.09548=0.07633 + 0.01915 + 0.00000]
GateStats epoch=13 w_img=0.50000 w_txt=0.50000 q_img=0.59430 q_txt=0.48545
Pre_Epoch 14 [1.5s]: train==[0.08967=0.07097 + 0.01871 + 0.00000]
GateStats epoch=14 w_img=0.50000 w_txt=0.50000 q_img=0.59504 q_txt=0.48526
Pre_Epoch 15 [1.5s]: train==[0.08667=0.06839 + 0.01828 + 0.00000]
GateStats epoch=15 w_img=0.50000 w_txt=0.50000 q_img=0.59413 q_txt=0.48457
Pre_Epoch 15 [1.5s + 117.2s]:  val==[0.08667=0.06839 + 0.01828 + 0.00000]
precision@10=[0.00220], recall@10=[0.02200] , ndcg@10=[0.01073]
precision@20=[0.00180], recall@20=[0.03600] , ndcg@20=[0.01431]
#####Early stopping steps: 1 #####
Pre_Epoch 16 [1.7s]: train==[0.08488=0.06705 + 0.01783 + 0.00000]
GateStats epoch=16 w_img=0.50000 w_txt=0.50000 q_img=0.59443 q_txt=0.48646
Pre_Epoch 17 [1.5s]: train==[0.08241=0.06471 + 0.01770 + 0.00000]
GateStats epoch=17 w_img=0.50000 w_txt=0.50000 q_img=0.59488 q_txt=0.48493
Pre_Epoch 18 [1.6s]: train==[0.07669=0.05938 + 0.01731 + 0.00000]
GateStats epoch=18 w_img=0.50000 w_txt=0.50000 q_img=0.59356 q_txt=0.48481
Pre_Epoch 19 [1.7s]: train==[0.07478=0.05779 + 0.01699 + 0.00000]
GateStats epoch=19 w_img=0.50000 w_txt=0.50000 q_img=0.59312 q_txt=0.48472
Pre_Epoch 20 [1.6s]: train==[0.06869=0.05221 + 0.01648 + 0.00000]
GateStats epoch=20 w_img=0.50000 w_txt=0.50000 q_img=0.59453 q_txt=0.48532
Pre_Epoch 20 [1.6s + 111.7s]:  val==[0.06869=0.05221 + 0.01648 + 0.00000]
precision@10=[0.00160], recall@10=[0.01600] , ndcg@10=[0.00993]
precision@20=[0.00170], recall@20=[0.03400] , ndcg@20=[0.01457]
#####Early stopping steps: 2 #####
Pre_Epoch 21 [1.5s]: train==[0.06927=0.05280 + 0.01647 + 0.00000]
GateStats epoch=21 w_img=0.50000 w_txt=0.50000 q_img=0.59434 q_txt=0.48426
Pre_Epoch 22 [1.5s]: train==[0.06346=0.04727 + 0.01619 + 0.00000]
GateStats epoch=22 w_img=0.50000 w_txt=0.50000 q_img=0.59362 q_txt=0.48445
Pre_Epoch 23 [1.4s]: train==[0.06087=0.04524 + 0.01563 + 0.00000]
GateStats epoch=23 w_img=0.50000 w_txt=0.50000 q_img=0.59518 q_txt=0.48478
Pre_Epoch 24 [1.5s]: train==[0.06112=0.04554 + 0.01558 + 0.00000]
GateStats epoch=24 w_img=0.50000 w_txt=0.50000 q_img=0.59403 q_txt=0.48566
Pre_Epoch 25 [1.6s]: train==[0.05936=0.04379 + 0.01557 + 0.00000]
GateStats epoch=25 w_img=0.50000 w_txt=0.50000 q_img=0.59409 q_txt=0.48474
Pre_Epoch 25 [1.7s + 114.2s]:  val==[0.05936=0.04379 + 0.01557 + 0.00000]
precision@10=[0.00180], recall@10=[0.01800] , ndcg@10=[0.01065]
precision@20=[0.00200], recall@20=[0.04000] , ndcg@20=[0.01613]
Pre_Epoch 26 [1.5s]: train==[0.05375=0.03869 + 0.01506 + 0.00000]
GateStats epoch=26 w_img=0.50000 w_txt=0.50000 q_img=0.59322 q_txt=0.48477
Pre_Epoch 27 [1.4s]: train==[0.05293=0.03799 + 0.01494 + 0.00000]
GateStats epoch=27 w_img=0.50000 w_txt=0.50000 q_img=0.59504 q_txt=0.48496
Pre_Epoch 28 [1.7s]: train==[0.05370=0.03884 + 0.01486 + 0.00000]
GateStats epoch=28 w_img=0.50000 w_txt=0.50000 q_img=0.59393 q_txt=0.48552
Pre_Epoch 29 [1.6s]: train==[0.05065=0.03595 + 0.01471 + 0.00000]
GateStats epoch=29 w_img=0.50000 w_txt=0.50000 q_img=0.59509 q_txt=0.48385
Final  {'precision': array([0.0028, 0.0025]), 'recall': array([0.02666667, 0.04866667]), 'ndcg': array([0.01475767, 0.02012401]), 'auc': 0.0}
