Pre_Epoch 0 [1.1s]: train==[0.29025=0.23731 + 0.05288 + 0.00007]
GateStats epoch=0 w_img=0.53080 w_txt=0.46920 q_img=0.54538 q_txt=0.49033
D:\保研\夏令营资料\南开计算机 宋春瑶\MELON\codes\utility\batch_test.py:168: UserWarning: To copy construct from a tensor, it is recommended to use sourceTensor.clone().detach() or sourceTensor.clone().detach().requires_grad_(True), rather than torch.tensor(sourceTensor).
  rel_score_tensor = torch.tensor(total_pos_rel_score_array, device=i_rate_batch.device, dtype=i_rate_batch.dtype)
Pre_Epoch 0 [1.1s + 83.7s]:  val==[0.29025=0.23731 + 0.05288 + 0.00007]
precision@10=[0.00200], recall@10=[0.02000] , ndcg@10=[0.01051]
precision@20=[0.00170], recall@20=[0.03400] , ndcg@20=[0.01400]
Pre_Epoch 1 [1.3s]: train==[0.23506=0.19960 + 0.03540 + 0.00006]
GateStats epoch=1 w_img=0.47472 w_txt=0.52528 q_img=0.50415 q_txt=0.49083
Pre_Epoch 2 [1.0s]: train==[0.22260=0.19146 + 0.03108 + 0.00006]
GateStats epoch=2 w_img=0.51868 w_txt=0.48132 q_img=0.55556 q_txt=0.48584
Pre_Epoch 3 [1.1s]: train==[0.20322=0.17313 + 0.03001 + 0.00008]
GateStats epoch=3 w_img=0.55695 w_txt=0.44305 q_img=0.62718 q_txt=0.47973
Pre_Epoch 4 [1.2s]: train==[0.17609=0.14789 + 0.02811 + 0.00010]
GateStats epoch=4 w_img=0.57694 w_txt=0.42306 q_img=0.70105 q_txt=0.47189
Pre_Epoch 5 [1.1s]: train==[0.16732=0.14072 + 0.02649 + 0.00011]
GateStats epoch=5 w_img=0.59399 w_txt=0.40601 q_img=0.77043 q_txt=0.46124
Pre_Epoch 5 [1.1s + 80.0s]:  val==[0.16732=0.14072 + 0.02649 + 0.00011]
precision@10=[0.00180], recall@10=[0.01800] , ndcg@10=[0.01032]
precision@20=[0.00160], recall@20=[0.03200] , ndcg@20=[0.01381]
#####Early stopping steps: 1 #####
Pre_Epoch 6 [1.0s]: train==[0.15625=0.13142 + 0.02469 + 0.00014]
GateStats epoch=6 w_img=0.61198 w_txt=0.38802 q_img=0.83143 q_txt=0.45162
Pre_Epoch 7 [1.1s]: train==[0.14010=0.11648 + 0.02346 + 0.00016]
GateStats epoch=7 w_img=0.62960 w_txt=0.37040 q_img=0.87004 q_txt=0.44002
Pre_Epoch 8 [1.0s]: train==[0.13020=0.10760 + 0.02241 + 0.00018]
GateStats epoch=8 w_img=0.64281 w_txt=0.35719 q_img=0.89722 q_txt=0.42784
Pre_Epoch 9 [1.0s]: train==[0.11717=0.09572 + 0.02126 + 0.00019]
GateStats epoch=9 w_img=0.64766 w_txt=0.35234 q_img=0.91661 q_txt=0.41407
Pre_Epoch 10 [1.0s]: train==[0.11325=0.09233 + 0.02071 + 0.00020]
GateStats epoch=10 w_img=0.65129 w_txt=0.34871 q_img=0.93480 q_txt=0.40132
Pre_Epoch 10 [1.0s + 79.6s]:  val==[0.11325=0.09233 + 0.02071 + 0.00020]
precision@10=[0.00180], recall@10=[0.01800] , ndcg@10=[0.00928]
precision@20=[0.00180], recall@20=[0.03600] , ndcg@20=[0.01383]
Pre_Epoch 11 [1.0s]: train==[0.10866=0.08852 + 0.01993 + 0.00021]
GateStats epoch=11 w_img=0.65668 w_txt=0.34332 q_img=0.94953 q_txt=0.38653
Pre_Epoch 12 [1.0s]: train==[0.10232=0.08249 + 0.01961 + 0.00023]
GateStats epoch=12 w_img=0.66620 w_txt=0.33380 q_img=0.96016 q_txt=0.37179
Pre_Epoch 13 [1.0s]: train==[0.09430=0.07490 + 0.01915 + 0.00025]
GateStats epoch=13 w_img=0.67631 w_txt=0.32369 q_img=0.97050 q_txt=0.35620
Pre_Epoch 14 [1.0s]: train==[0.08874=0.06976 + 0.01871 + 0.00027]
GateStats epoch=14 w_img=0.68487 w_txt=0.31513 q_img=0.97818 q_txt=0.33976
Pre_Epoch 15 [1.0s]: train==[0.08556=0.06699 + 0.01828 + 0.00029]
GateStats epoch=15 w_img=0.69318 w_txt=0.30682 q_img=0.98308 q_txt=0.32595
Pre_Epoch 15 [1.0s + 76.6s]:  val==[0.08556=0.06699 + 0.01828 + 0.00029]
precision@10=[0.00240], recall@10=[0.02400] , ndcg@10=[0.01206]
precision@20=[0.00180], recall@20=[0.03600] , ndcg@20=[0.01510]
#####Early stopping steps: 1 #####
Pre_Epoch 16 [1.0s]: train==[0.08364=0.06552 + 0.01783 + 0.00029]
GateStats epoch=16 w_img=0.69404 w_txt=0.30596 q_img=0.98653 q_txt=0.31492
Pre_Epoch 17 [1.0s]: train==[0.08113=0.06315 + 0.01769 + 0.00029]
GateStats epoch=17 w_img=0.69485 w_txt=0.30515 q_img=0.98940 q_txt=0.29860
Pre_Epoch 18 [1.0s]: train==[0.07551=0.05791 + 0.01730 + 0.00029]
GateStats epoch=18 w_img=0.69542 w_txt=0.30458 q_img=0.99120 q_txt=0.28666
Pre_Epoch 19 [0.9s]: train==[0.07337=0.05607 + 0.01699 + 0.00031]
GateStats epoch=19 w_img=0.70291 w_txt=0.29709 q_img=0.99258 q_txt=0.27370
Pre_Epoch 20 [0.9s]: train==[0.06760=0.05081 + 0.01648 + 0.00032]
GateStats epoch=20 w_img=0.70595 w_txt=0.29405 q_img=0.99386 q_txt=0.26234
Pre_Epoch 20 [0.9s + 73.2s]:  val==[0.06760=0.05081 + 0.01648 + 0.00032]
precision@10=[0.00180], recall@10=[0.01800] , ndcg@10=[0.01107]
precision@20=[0.00180], recall@20=[0.03600] , ndcg@20=[0.01556]
#####Early stopping steps: 2 #####
Pre_Epoch 21 [1.2s]: train==[0.06794=0.05114 + 0.01647 + 0.00034]
GateStats epoch=21 w_img=0.71254 w_txt=0.28746 q_img=0.99437 q_txt=0.24945
Pre_Epoch 22 [1.1s]: train==[0.06211=0.04558 + 0.01618 + 0.00035]
GateStats epoch=22 w_img=0.71456 w_txt=0.28544 q_img=0.99498 q_txt=0.23831
Pre_Epoch 23 [1.1s]: train==[0.05983=0.04385 + 0.01563 + 0.00035]
GateStats epoch=23 w_img=0.71809 w_txt=0.28191 q_img=0.99534 q_txt=0.22824
Pre_Epoch 24 [1.0s]: train==[0.06001=0.04408 + 0.01557 + 0.00036]
GateStats epoch=24 w_img=0.71847 w_txt=0.28153 q_img=0.99570 q_txt=0.22066
Pre_Epoch 25 [0.9s]: train==[0.05815=0.04222 + 0.01556 + 0.00037]
GateStats epoch=25 w_img=0.72125 w_txt=0.27875 q_img=0.99603 q_txt=0.21109
Pre_Epoch 25 [0.9s + 78.4s]:  val==[0.05815=0.04222 + 0.01556 + 0.00037]
precision@10=[0.00200], recall@10=[0.02000] , ndcg@10=[0.01129]
precision@20=[0.00200], recall@20=[0.04000] , ndcg@20=[0.01631]
Pre_Epoch 26 [1.3s]: train==[0.05277=0.03735 + 0.01505 + 0.00037]
GateStats epoch=26 w_img=0.72353 w_txt=0.27647 q_img=0.99638 q_txt=0.20340
Pre_Epoch 27 [1.5s]: train==[0.05194=0.03662 + 0.01493 + 0.00038]
GateStats epoch=27 w_img=0.72611 w_txt=0.27389 q_img=0.99651 q_txt=0.19626
Pre_Epoch 28 [1.2s]: train==[0.05253=0.03730 + 0.01485 + 0.00039]
GateStats epoch=28 w_img=0.72792 w_txt=0.27208 q_img=0.99647 q_txt=0.19000
Pre_Epoch 29 [1.2s]: train==[0.04969=0.03461 + 0.01470 + 0.00039]
GateStats epoch=29 w_img=0.72881 w_txt=0.27119 q_img=0.99666 q_txt=0.18286
Final  {'precision': array([0.0028, 0.0024]), 'recall': array([0.02666667, 0.04666667]), 'ndcg': array([0.01444238, 0.0193739 ]), 'auc': 0.0}
