Pre_Epoch 0 [1.2s]: train==[0.28956=0.23653 + 0.05299 + 0.00004]
GateStats epoch=0 w_img=0.52453 w_txt=0.47547 q_img=0.55175 q_txt=0.48958
D:\保研\夏令营资料\南开计算机 宋春瑶\MELON\codes\utility\batch_test.py:168: UserWarning: To copy construct from a tensor, it is recommended to use sourceTensor.clone().detach() or sourceTensor.clone().detach().requires_grad_(True), rather than torch.tensor(sourceTensor).
  rel_score_tensor = torch.tensor(total_pos_rel_score_array, device=i_rate_batch.device, dtype=i_rate_batch.dtype)
Pre_Epoch 0 [1.2s + 87.3s]:  val==[0.28956=0.23653 + 0.05299 + 0.00004]
precision@10=[0.00180], recall@10=[0.01800] , ndcg@10=[0.00988]
precision@20=[0.00160], recall@20=[0.03200] , ndcg@20=[0.01338]
Pre_Epoch 1 [1.3s]: train==[0.23463=0.19911 + 0.03549 + 0.00003]
GateStats epoch=1 w_img=0.49191 w_txt=0.50809 q_img=0.51498 q_txt=0.48960
Pre_Epoch 2 [1.2s]: train==[0.22235=0.19116 + 0.03116 + 0.00003]
GateStats epoch=2 w_img=0.51918 w_txt=0.48082 q_img=0.55995 q_txt=0.48510
Pre_Epoch 3 [1.2s]: train==[0.20294=0.17279 + 0.03010 + 0.00005]
GateStats epoch=3 w_img=0.54722 w_txt=0.45278 q_img=0.62760 q_txt=0.47937
Pre_Epoch 4 [1.3s]: train==[0.17584=0.14757 + 0.02820 + 0.00006]
GateStats epoch=4 w_img=0.56753 w_txt=0.43247 q_img=0.70241 q_txt=0.47152
Pre_Epoch 5 [1.3s]: train==[0.16677=0.14012 + 0.02658 + 0.00008]
GateStats epoch=5 w_img=0.58634 w_txt=0.41366 q_img=0.77472 q_txt=0.46061
Pre_Epoch 5 [1.3s + 93.9s]:  val==[0.16677=0.14012 + 0.02658 + 0.00008]
precision@10=[0.00180], recall@10=[0.01800] , ndcg@10=[0.00992]
precision@20=[0.00160], recall@20=[0.03200] , ndcg@20=[0.01335]
#####Early stopping steps: 1 #####
Pre_Epoch 6 [1.5s]: train==[0.15616=0.13128 + 0.02477 + 0.00010]
GateStats epoch=6 w_img=0.60496 w_txt=0.39504 q_img=0.83938 q_txt=0.45036
Pre_Epoch 7 [1.4s]: train==[0.13991=0.11625 + 0.02353 + 0.00012]
GateStats epoch=7 w_img=0.62074 w_txt=0.37926 q_img=0.88159 q_txt=0.43808
Pre_Epoch 8 [1.4s]: train==[0.12992=0.10730 + 0.02248 + 0.00014]
GateStats epoch=8 w_img=0.63270 w_txt=0.36730 q_img=0.91120 q_txt=0.42501
Pre_Epoch 9 [1.4s]: train==[0.11691=0.09543 + 0.02133 + 0.00015]
GateStats epoch=9 w_img=0.63956 w_txt=0.36044 q_img=0.93236 q_txt=0.41007
Pre_Epoch 10 [1.4s]: train==[0.11279=0.09186 + 0.02077 + 0.00016]
GateStats epoch=10 w_img=0.64546 w_txt=0.35454 q_img=0.95103 q_txt=0.39596
Pre_Epoch 10 [1.4s + 92.6s]:  val==[0.11279=0.09186 + 0.02077 + 0.00016]
precision@10=[0.00160], recall@10=[0.01600] , ndcg@10=[0.00805]
precision@20=[0.00170], recall@20=[0.03400] , ndcg@20=[0.01275]
Pre_Epoch 11 [1.3s]: train==[0.10840=0.08823 + 0.02000 + 0.00017]
GateStats epoch=11 w_img=0.65150 w_txt=0.34850 q_img=0.96454 q_txt=0.38008
Pre_Epoch 12 [1.3s]: train==[0.10211=0.08225 + 0.01968 + 0.00018]
GateStats epoch=12 w_img=0.65890 w_txt=0.34110 q_img=0.97338 q_txt=0.36425
Pre_Epoch 13 [1.3s]: train==[0.09411=0.07470 + 0.01922 + 0.00020]
GateStats epoch=13 w_img=0.66635 w_txt=0.33365 q_img=0.98082 q_txt=0.34792
Pre_Epoch 14 [1.3s]: train==[0.08864=0.06966 + 0.01877 + 0.00021]
GateStats epoch=14 w_img=0.67328 w_txt=0.32672 q_img=0.98589 q_txt=0.33038
Pre_Epoch 15 [1.3s]: train==[0.08567=0.06709 + 0.01835 + 0.00023]
GateStats epoch=15 w_img=0.67954 w_txt=0.32046 q_img=0.98888 q_txt=0.31558
Pre_Epoch 15 [1.3s + 96.6s]:  val==[0.08567=0.06709 + 0.01835 + 0.00023]
precision@10=[0.00200], recall@10=[0.02000] , ndcg@10=[0.00985]
precision@20=[0.00180], recall@20=[0.03600] , ndcg@20=[0.01391]
Pre_Epoch 16 [1.3s]: train==[0.08324=0.06513 + 0.01789 + 0.00023]
GateStats epoch=16 w_img=0.68168 w_txt=0.31832 q_img=0.99112 q_txt=0.30343
Pre_Epoch 17 [1.2s]: train==[0.08121=0.06321 + 0.01776 + 0.00024]
GateStats epoch=17 w_img=0.68401 w_txt=0.31599 q_img=0.99288 q_txt=0.28590
Pre_Epoch 18 [1.3s]: train==[0.07529=0.05767 + 0.01737 + 0.00024]
GateStats epoch=18 w_img=0.68582 w_txt=0.31418 q_img=0.99401 q_txt=0.27277
Pre_Epoch 19 [1.3s]: train==[0.07327=0.05598 + 0.01704 + 0.00025]
GateStats epoch=19 w_img=0.69114 w_txt=0.30886 q_img=0.99484 q_txt=0.25879
Pre_Epoch 20 [1.3s]: train==[0.06750=0.05071 + 0.01653 + 0.00026]
GateStats epoch=20 w_img=0.69410 w_txt=0.30590 q_img=0.99570 q_txt=0.24666
Pre_Epoch 20 [1.3s + 94.8s]:  val==[0.06750=0.05071 + 0.01653 + 0.00026]
precision@10=[0.00180], recall@10=[0.01800] , ndcg@10=[0.00983]
precision@20=[0.00160], recall@20=[0.03200] , ndcg@20=[0.01340]
#####Early stopping steps: 1 #####
Pre_Epoch 21 [1.4s]: train==[0.06772=0.05092 + 0.01653 + 0.00027]
GateStats epoch=21 w_img=0.69920 w_txt=0.30080 q_img=0.99602 q_txt=0.23279
Pre_Epoch 22 [1.4s]: train==[0.06205=0.04553 + 0.01624 + 0.00028]
GateStats epoch=22 w_img=0.70185 w_txt=0.29815 q_img=0.99641 q_txt=0.22054
Pre_Epoch 23 [1.4s]: train==[0.05961=0.04364 + 0.01568 + 0.00029]
GateStats epoch=23 w_img=0.70497 w_txt=0.29503 q_img=0.99668 q_txt=0.20942
Pre_Epoch 24 [1.4s]: train==[0.05979=0.04388 + 0.01562 + 0.00029]
GateStats epoch=24 w_img=0.70619 w_txt=0.29381 q_img=0.99691 q_txt=0.20080
Pre_Epoch 25 [1.3s]: train==[0.05818=0.04226 + 0.01562 + 0.00030]
GateStats epoch=25 w_img=0.70881 w_txt=0.29119 q_img=0.99713 q_txt=0.19029
Pre_Epoch 25 [1.3s + 91.3s]:  val==[0.05818=0.04226 + 0.01562 + 0.00030]
precision@10=[0.00240], recall@10=[0.02400] , ndcg@10=[0.01099]
precision@20=[0.00200], recall@20=[0.04000] , ndcg@20=[0.01487]
Pre_Epoch 26 [1.4s]: train==[0.05269=0.03728 + 0.01510 + 0.00030]
GateStats epoch=26 w_img=0.71087 w_txt=0.28913 q_img=0.99736 q_txt=0.18171
Pre_Epoch 27 [1.3s]: train==[0.05182=0.03653 + 0.01498 + 0.00031]
GateStats epoch=27 w_img=0.71309 w_txt=0.28691 q_img=0.99746 q_txt=0.17401
Pre_Epoch 28 [1.3s]: train==[0.05235=0.03714 + 0.01490 + 0.00032]
GateStats epoch=28 w_img=0.71501 w_txt=0.28499 q_img=0.99742 q_txt=0.16676
Pre_Epoch 29 [1.4s]: train==[0.04960=0.03453 + 0.01475 + 0.00032]
GateStats epoch=29 w_img=0.71630 w_txt=0.28370 q_img=0.99757 q_txt=0.15914
Final  {'precision': array([0.0028, 0.0021]), 'recall': array([0.02666667, 0.04066667]), 'ndcg': array([0.01446945, 0.01797195]), 'auc': 0.0}
