Pre_Epoch 0 [2.1s]: train==[0.28992=0.23684 + 0.05305 + 0.00004]
GateStats epoch=0 w_img=0.52485 w_txt=0.47515 q_img=0.55193 q_txt=0.48944
D:\保研\夏令营资料\南开计算机 宋春瑶\MELON\codes\utility\batch_test.py:168: UserWarning: To copy construct from a tensor, it is recommended to use sourceTensor.clone().detach() or sourceTensor.clone().detach().requires_grad_(True), rather than torch.tensor(sourceTensor).
  rel_score_tensor = torch.tensor(total_pos_rel_score_array, device=i_rate_batch.device, dtype=i_rate_batch.dtype)
Pre_Epoch 0 [2.1s + 133.9s]:  val==[0.28992=0.23684 + 0.05305 + 0.00004]
precision@10=[0.00180], recall@10=[0.01800] , ndcg@10=[0.00987]
precision@20=[0.00140], recall@20=[0.02800] , ndcg@20=[0.01239]
Pre_Epoch 1 [1.9s]: train==[0.23486=0.19929 + 0.03555 + 0.00003]
GateStats epoch=1 w_img=0.49320 w_txt=0.50680 q_img=0.51843 q_txt=0.48903
Pre_Epoch 2 [1.8s]: train==[0.22243=0.19119 + 0.03121 + 0.00003]
GateStats epoch=2 w_img=0.52187 w_txt=0.47813 q_img=0.56973 q_txt=0.48403
Pre_Epoch 3 [2.1s]: train==[0.20311=0.17291 + 0.03015 + 0.00005]
GateStats epoch=3 w_img=0.55088 w_txt=0.44912 q_img=0.64161 q_txt=0.47796
Pre_Epoch 4 [1.9s]: train==[0.17593=0.14760 + 0.02827 + 0.00007]
GateStats epoch=4 w_img=0.57127 w_txt=0.42873 q_img=0.71614 q_txt=0.47008
Pre_Epoch 5 [1.9s]: train==[0.16671=0.13999 + 0.02664 + 0.00008]
GateStats epoch=5 w_img=0.58949 w_txt=0.41051 q_img=0.78578 q_txt=0.45904
Pre_Epoch 5 [1.9s + 124.7s]:  val==[0.16671=0.13999 + 0.02664 + 0.00008]
precision@10=[0.00160], recall@10=[0.01600] , ndcg@10=[0.00922]
precision@20=[0.00160], recall@20=[0.03200] , ndcg@20=[0.01327]
Pre_Epoch 6 [2.3s]: train==[0.15638=0.13145 + 0.02483 + 0.00010]
GateStats epoch=6 w_img=0.60706 w_txt=0.39294 q_img=0.84666 q_txt=0.44889
Pre_Epoch 7 [2.2s]: train==[0.14005=0.11634 + 0.02359 + 0.00012]
GateStats epoch=7 w_img=0.62216 w_txt=0.37784 q_img=0.88653 q_txt=0.43654
Pre_Epoch 8 [2.0s]: train==[0.13021=0.10754 + 0.02253 + 0.00014]
GateStats epoch=8 w_img=0.63381 w_txt=0.36619 q_img=0.91484 q_txt=0.42345
Pre_Epoch 9 [1.9s]: train==[0.11701=0.09548 + 0.02138 + 0.00015]
GateStats epoch=9 w_img=0.64051 w_txt=0.35949 q_img=0.93483 q_txt=0.40849
Pre_Epoch 10 [2.0s]: train==[0.11293=0.09194 + 0.02083 + 0.00016]
GateStats epoch=10 w_img=0.64630 w_txt=0.35370 q_img=0.95255 q_txt=0.39432
Pre_Epoch 10 [2.0s + 126.5s]:  val==[0.11293=0.09194 + 0.02083 + 0.00016]
precision@10=[0.00160], recall@10=[0.01600] , ndcg@10=[0.00812]
precision@20=[0.00170], recall@20=[0.03400] , ndcg@20=[0.01281]
Pre_Epoch 11 [1.9s]: train==[0.10846=0.08824 + 0.02006 + 0.00017]
GateStats epoch=11 w_img=0.65217 w_txt=0.34783 q_img=0.96512 q_txt=0.37836
Pre_Epoch 12 [1.9s]: train==[0.10219=0.08228 + 0.01973 + 0.00018]
GateStats epoch=12 w_img=0.65941 w_txt=0.34059 q_img=0.97368 q_txt=0.36260
Pre_Epoch 13 [1.9s]: train==[0.09431=0.07484 + 0.01927 + 0.00020]
GateStats epoch=13 w_img=0.66670 w_txt=0.33330 q_img=0.98079 q_txt=0.34626
Pre_Epoch 14 [1.8s]: train==[0.08865=0.06962 + 0.01882 + 0.00021]
GateStats epoch=14 w_img=0.67361 w_txt=0.32639 q_img=0.98574 q_txt=0.32867
Pre_Epoch 15 [1.9s]: train==[0.08569=0.06706 + 0.01840 + 0.00023]
GateStats epoch=15 w_img=0.67995 w_txt=0.32005 q_img=0.98867 q_txt=0.31385
Pre_Epoch 15 [1.9s + 127.6s]:  val==[0.08569=0.06706 + 0.01840 + 0.00023]
precision@10=[0.00220], recall@10=[0.02200] , ndcg@10=[0.01045]
precision@20=[0.00160], recall@20=[0.03200] , ndcg@20=[0.01295]
#####Early stopping steps: 1 #####
Pre_Epoch 16 [1.8s]: train==[0.08327=0.06510 + 0.01794 + 0.00023]
GateStats epoch=16 w_img=0.68213 w_txt=0.31787 q_img=0.99092 q_txt=0.30165
Pre_Epoch 17 [1.9s]: train==[0.08148=0.06344 + 0.01781 + 0.00024]
GateStats epoch=17 w_img=0.68441 w_txt=0.31559 q_img=0.99265 q_txt=0.28419
Pre_Epoch 18 [1.8s]: train==[0.07537=0.05771 + 0.01742 + 0.00024]
GateStats epoch=18 w_img=0.68619 w_txt=0.31381 q_img=0.99380 q_txt=0.27112
Pre_Epoch 19 [1.8s]: train==[0.07339=0.05604 + 0.01709 + 0.00025]
GateStats epoch=19 w_img=0.69152 w_txt=0.30848 q_img=0.99465 q_txt=0.25722
Pre_Epoch 20 [1.8s]: train==[0.06770=0.05086 + 0.01658 + 0.00026]
GateStats epoch=20 w_img=0.69431 w_txt=0.30569 q_img=0.99552 q_txt=0.24513
Pre_Epoch 20 [1.8s + 129.5s]:  val==[0.06770=0.05086 + 0.01658 + 0.00026]
precision@10=[0.00180], recall@10=[0.01800] , ndcg@10=[0.00935]
precision@20=[0.00160], recall@20=[0.03200] , ndcg@20=[0.01286]
#####Early stopping steps: 2 #####
Pre_Epoch 21 [2.1s]: train==[0.06763=0.05078 + 0.01658 + 0.00027]
GateStats epoch=21 w_img=0.69930 w_txt=0.30070 q_img=0.99585 q_txt=0.23144
Pre_Epoch 22 [1.9s]: train==[0.06217=0.04561 + 0.01628 + 0.00028]
GateStats epoch=22 w_img=0.70204 w_txt=0.29796 q_img=0.99627 q_txt=0.21921
Pre_Epoch 23 [2.0s]: train==[0.05967=0.04366 + 0.01573 + 0.00029]
GateStats epoch=23 w_img=0.70527 w_txt=0.29473 q_img=0.99654 q_txt=0.20818
Pre_Epoch 24 [2.1s]: train==[0.05980=0.04384 + 0.01567 + 0.00029]
GateStats epoch=24 w_img=0.70649 w_txt=0.29351 q_img=0.99678 q_txt=0.19961
Pre_Epoch 25 [1.9s]: train==[0.05817=0.04221 + 0.01566 + 0.00030]
GateStats epoch=25 w_img=0.70902 w_txt=0.29098 q_img=0.99701 q_txt=0.18919
Pre_Epoch 25 [1.9s + 123.5s]:  val==[0.05817=0.04221 + 0.01566 + 0.00030]
precision@10=[0.00200], recall@10=[0.02000] , ndcg@10=[0.00981]
precision@20=[0.00170], recall@20=[0.03400] , ndcg@20=[0.01337]
#####Early stopping steps: 3 #####
Pre_Epoch 26 [1.7s]: train==[0.05272=0.03727 + 0.01514 + 0.00031]
GateStats epoch=26 w_img=0.71103 w_txt=0.28897 q_img=0.99725 q_txt=0.18059
Pre_Epoch 27 [1.8s]: train==[0.05185=0.03652 + 0.01502 + 0.00031]
GateStats epoch=27 w_img=0.71317 w_txt=0.28683 q_img=0.99735 q_txt=0.17301
Pre_Epoch 28 [1.9s]: train==[0.05231=0.03705 + 0.01494 + 0.00032]
GateStats epoch=28 w_img=0.71512 w_txt=0.28488 q_img=0.99732 q_txt=0.16578
Pre_Epoch 29 [1.8s]: train==[0.04959=0.03448 + 0.01479 + 0.00032]
GateStats epoch=29 w_img=0.71639 w_txt=0.28361 q_img=0.99747 q_txt=0.15822
Final  {'precision': array([0.0034, 0.0021]), 'recall': array([0.03266667, 0.04066667]), 'ndcg': array([0.01582587, 0.01784652]), 'auc': 0.0}
