Pre_Epoch 0 [1.0s]: train==[0.28993=0.23702 + 0.05288 + 0.00003]
GateStats epoch=0 w_img=0.50915 w_txt=0.49085 q_img=0.50000 q_txt=0.50000
D:\保研\夏令营资料\南开计算机 宋春瑶\MELON\codes\utility\batch_test.py:168: UserWarning: To copy construct from a tensor, it is recommended to use sourceTensor.clone().detach() or sourceTensor.clone().detach().requires_grad_(True), rather than torch.tensor(sourceTensor).
  rel_score_tensor = torch.tensor(total_pos_rel_score_array, device=i_rate_batch.device, dtype=i_rate_batch.dtype)
Pre_Epoch 0 [1.0s + 69.3s]:  val==[0.28993=0.23702 + 0.05288 + 0.00003]
precision@10=[0.00200], recall@10=[0.02000] , ndcg@10=[0.01057]
precision@20=[0.00160], recall@20=[0.03200] , ndcg@20=[0.01357]
Pre_Epoch 1 [1.7s]: train==[0.23489=0.19947 + 0.03540 + 0.00003]
GateStats epoch=1 w_img=0.48534 w_txt=0.51466 q_img=0.50000 q_txt=0.50000
Pre_Epoch 2 [1.7s]: train==[0.22233=0.19122 + 0.03108 + 0.00003]
GateStats epoch=2 w_img=0.50079 w_txt=0.49921 q_img=0.50000 q_txt=0.50000
Pre_Epoch 3 [1.6s]: train==[0.20329=0.17325 + 0.03001 + 0.00003]
GateStats epoch=3 w_img=0.51111 w_txt=0.48889 q_img=0.50000 q_txt=0.50000
Pre_Epoch 4 [1.6s]: train==[0.17621=0.14807 + 0.02811 + 0.00003]
GateStats epoch=4 w_img=0.51136 w_txt=0.48864 q_img=0.50000 q_txt=0.50000
Pre_Epoch 5 [1.5s]: train==[0.16770=0.14119 + 0.02649 + 0.00003]
GateStats epoch=5 w_img=0.51039 w_txt=0.48961 q_img=0.50000 q_txt=0.50000
Pre_Epoch 5 [1.5s + 100.8s]:  val==[0.16770=0.14119 + 0.02649 + 0.00003]
precision@10=[0.00180], recall@10=[0.01800] , ndcg@10=[0.01019]
precision@20=[0.00160], recall@20=[0.03200] , ndcg@20=[0.01369]
#####Early stopping steps: 1 #####
Pre_Epoch 6 [1.7s]: train==[0.15663=0.13191 + 0.02469 + 0.00003]
GateStats epoch=6 w_img=0.51138 w_txt=0.48862 q_img=0.50000 q_txt=0.50000
Pre_Epoch 7 [1.6s]: train==[0.14049=0.11700 + 0.02346 + 0.00003]
GateStats epoch=7 w_img=0.51489 w_txt=0.48511 q_img=0.50000 q_txt=0.50000
Pre_Epoch 8 [1.7s]: train==[0.13082=0.10838 + 0.02241 + 0.00003]
GateStats epoch=8 w_img=0.51734 w_txt=0.48266 q_img=0.50000 q_txt=0.50000
Pre_Epoch 9 [1.6s]: train==[0.11775=0.09646 + 0.02126 + 0.00003]
GateStats epoch=9 w_img=0.51579 w_txt=0.48421 q_img=0.50000 q_txt=0.50000
Pre_Epoch 10 [1.5s]: train==[0.11376=0.09302 + 0.02071 + 0.00003]
GateStats epoch=10 w_img=0.51399 w_txt=0.48601 q_img=0.50000 q_txt=0.50000
Pre_Epoch 10 [1.5s + 94.1s]:  val==[0.11376=0.09302 + 0.02071 + 0.00003]
precision@10=[0.00180], recall@10=[0.01800] , ndcg@10=[0.00954]
precision@20=[0.00180], recall@20=[0.03600] , ndcg@20=[0.01408]
Pre_Epoch 11 [1.0s]: train==[0.10935=0.08939 + 0.01993 + 0.00003]
GateStats epoch=11 w_img=0.51317 w_txt=0.48683 q_img=0.50000 q_txt=0.50000
Pre_Epoch 12 [1.0s]: train==[0.10299=0.08335 + 0.01961 + 0.00003]
GateStats epoch=12 w_img=0.51553 w_txt=0.48447 q_img=0.50000 q_txt=0.50000
Pre_Epoch 13 [1.1s]: train==[0.09507=0.07588 + 0.01915 + 0.00003]
GateStats epoch=13 w_img=0.51826 w_txt=0.48174 q_img=0.50000 q_txt=0.50000
Pre_Epoch 14 [1.0s]: train==[0.08933=0.07059 + 0.01871 + 0.00003]
GateStats epoch=14 w_img=0.52043 w_txt=0.47957 q_img=0.50000 q_txt=0.50000
Pre_Epoch 15 [1.0s]: train==[0.08624=0.06792 + 0.01828 + 0.00003]
GateStats epoch=15 w_img=0.52317 w_txt=0.47683 q_img=0.50000 q_txt=0.50000
Pre_Epoch 15 [1.0s + 75.5s]:  val==[0.08624=0.06792 + 0.01828 + 0.00003]
precision@10=[0.00240], recall@10=[0.02400] , ndcg@10=[0.01209]
precision@20=[0.00180], recall@20=[0.03600] , ndcg@20=[0.01508]
#####Early stopping steps: 1 #####
Pre_Epoch 16 [1.1s]: train==[0.08444=0.06657 + 0.01783 + 0.00003]
GateStats epoch=16 w_img=0.52203 w_txt=0.47797 q_img=0.50000 q_txt=0.50000
Pre_Epoch 17 [1.1s]: train==[0.08203=0.06430 + 0.01770 + 0.00003]
GateStats epoch=17 w_img=0.52015 w_txt=0.47985 q_img=0.50000 q_txt=0.50000
Pre_Epoch 18 [1.1s]: train==[0.07626=0.05892 + 0.01731 + 0.00003]
GateStats epoch=18 w_img=0.51879 w_txt=0.48121 q_img=0.50000 q_txt=0.50000
Pre_Epoch 19 [1.0s]: train==[0.07423=0.05721 + 0.01699 + 0.00003]
GateStats epoch=19 w_img=0.52156 w_txt=0.47844 q_img=0.50000 q_txt=0.50000
Pre_Epoch 20 [1.1s]: train==[0.06826=0.05174 + 0.01648 + 0.00004]
GateStats epoch=20 w_img=0.52180 w_txt=0.47820 q_img=0.50000 q_txt=0.50000
Pre_Epoch 20 [1.1s + 108.4s]:  val==[0.06826=0.05174 + 0.01648 + 0.00004]
precision@10=[0.00180], recall@10=[0.01800] , ndcg@10=[0.01074]
precision@20=[0.00170], recall@20=[0.03400] , ndcg@20=[0.01480]
#####Early stopping steps: 2 #####
Pre_Epoch 21 [1.5s]: train==[0.06875=0.05224 + 0.01647 + 0.00004]
GateStats epoch=21 w_img=0.52439 w_txt=0.47561 q_img=0.50000 q_txt=0.50000
Pre_Epoch 22 [1.6s]: train==[0.06292=0.04669 + 0.01619 + 0.00004]
GateStats epoch=22 w_img=0.52451 w_txt=0.47549 q_img=0.50000 q_txt=0.50000
Pre_Epoch 23 [1.5s]: train==[0.06042=0.04476 + 0.01563 + 0.00004]
GateStats epoch=23 w_img=0.52546 w_txt=0.47454 q_img=0.50000 q_txt=0.50000
Pre_Epoch 24 [1.5s]: train==[0.06070=0.04508 + 0.01558 + 0.00004]
GateStats epoch=24 w_img=0.52493 w_txt=0.47507 q_img=0.50000 q_txt=0.50000
Pre_Epoch 25 [1.5s]: train==[0.05887=0.04326 + 0.01557 + 0.00004]
GateStats epoch=25 w_img=0.52547 w_txt=0.47453 q_img=0.50000 q_txt=0.50000
Pre_Epoch 25 [1.5s + 97.9s]:  val==[0.05887=0.04326 + 0.01557 + 0.00004]
precision@10=[0.00180], recall@10=[0.01800] , ndcg@10=[0.01071]
precision@20=[0.00200], recall@20=[0.04000] , ndcg@20=[0.01625]
Pre_Epoch 26 [1.6s]: train==[0.05337=0.03828 + 0.01506 + 0.00004]
GateStats epoch=26 w_img=0.52576 w_txt=0.47424 q_img=0.50000 q_txt=0.50000
Pre_Epoch 27 [1.6s]: train==[0.05250=0.03752 + 0.01494 + 0.00004]
GateStats epoch=27 w_img=0.52677 w_txt=0.47323 q_img=0.50000 q_txt=0.50000
Pre_Epoch 28 [1.5s]: train==[0.05319=0.03829 + 0.01486 + 0.00004]
GateStats epoch=28 w_img=0.52731 w_txt=0.47269 q_img=0.50000 q_txt=0.50000
Pre_Epoch 29 [1.5s]: train==[0.05023=0.03548 + 0.01470 + 0.00004]
GateStats epoch=29 w_img=0.52709 w_txt=0.47291 q_img=0.50000 q_txt=0.50000
Final  {'precision': array([0.0026, 0.0024]), 'recall': array([0.02466667, 0.04666667]), 'ndcg': array([0.01391768, 0.01940546]), 'auc': 0.0}
