Pre_Epoch 0 [1.8s]: train==[0.34070=0.28773 + 0.05297 + 0.00000]
D:\保研\夏令营资料\南开计算机 宋春瑶\MELON\codes\utility\batch_test.py:168: UserWarning: To copy construct from a tensor, it is recommended to use sourceTensor.clone().detach() or sourceTensor.clone().detach().requires_grad_(True), rather than torch.tensor(sourceTensor).
  rel_score_tensor = torch.tensor(total_pos_rel_score_array, device=i_rate_batch.device, dtype=i_rate_batch.dtype)
Pre_Epoch 0 [1.8s + 99.4s]:  val==[0.34070=0.28773 + 0.05297 + 0.00000]
precision@10=[0.00180], recall@10=[0.01800] , ndcg@10=[0.01009]
precision@20=[0.00140], recall@20=[0.02800] , ndcg@20=[0.01262]
Pre_Epoch 1 [1.8s]: train==[0.28101=0.24552 + 0.03549 + 0.00000]
Pre_Epoch 2 [1.7s]: train==[0.26655=0.23542 + 0.03113 + 0.00000]
Pre_Epoch 3 [1.6s]: train==[0.24458=0.21454 + 0.03003 + 0.00000]
Pre_Epoch 4 [1.6s]: train==[0.21299=0.18485 + 0.02814 + 0.00000]
Pre_Epoch 5 [1.6s]: train==[0.20281=0.17628 + 0.02653 + 0.00000]
Pre_Epoch 5 [1.6s + 100.9s]:  val==[0.20281=0.17628 + 0.02653 + 0.00000]
precision@10=[0.00160], recall@10=[0.01600] , ndcg@10=[0.00974]
precision@20=[0.00150], recall@20=[0.03000] , ndcg@20=[0.01325]
Pre_Epoch 6 [1.6s]: train==[0.19094=0.16620 + 0.02475 + 0.00000]
Pre_Epoch 7 [1.8s]: train==[0.17133=0.14781 + 0.02352 + 0.00000]
Pre_Epoch 8 [1.6s]: train==[0.16018=0.13772 + 0.02246 + 0.00000]
Pre_Epoch 9 [1.7s]: train==[0.14493=0.12362 + 0.02131 + 0.00000]
Pre_Epoch 10 [1.7s]: train==[0.13969=0.11893 + 0.02076 + 0.00000]
Pre_Epoch 10 [1.7s + 98.5s]:  val==[0.13969=0.11893 + 0.02076 + 0.00000]
precision@10=[0.00160], recall@10=[0.01600] , ndcg@10=[0.00877]
precision@20=[0.00180], recall@20=[0.03600] , ndcg@20=[0.01382]
Pre_Epoch 11 [1.7s]: train==[0.13453=0.11455 + 0.01999 + 0.00000]
Pre_Epoch 12 [1.8s]: train==[0.12703=0.10736 + 0.01967 + 0.00000]
Pre_Epoch 13 [1.6s]: train==[0.11755=0.09833 + 0.01922 + 0.00000]
Pre_Epoch 14 [1.6s]: train==[0.11023=0.09146 + 0.01877 + 0.00000]
Pre_Epoch 15 [1.7s]: train==[0.10658=0.08822 + 0.01836 + 0.00000]
Pre_Epoch 15 [1.7s + 100.3s]:  val==[0.10658=0.08822 + 0.01836 + 0.00000]
precision@10=[0.00220], recall@10=[0.02200] , ndcg@10=[0.01087]
precision@20=[0.00190], recall@20=[0.03800] , ndcg@20=[0.01487]
Pre_Epoch 16 [1.8s]: train==[0.10450=0.08659 + 0.01791 + 0.00000]
Pre_Epoch 17 [1.7s]: train==[0.10138=0.08359 + 0.01778 + 0.00000]
Pre_Epoch 18 [1.6s]: train==[0.09421=0.07681 + 0.01740 + 0.00000]
Pre_Epoch 19 [1.8s]: train==[0.09190=0.07482 + 0.01708 + 0.00000]
Pre_Epoch 20 [1.7s]: train==[0.08465=0.06807 + 0.01657 + 0.00000]
Pre_Epoch 20 [1.7s + 99.4s]:  val==[0.08465=0.06807 + 0.01657 + 0.00000]
precision@10=[0.00180], recall@10=[0.01800] , ndcg@10=[0.01054]
precision@20=[0.00190], recall@20=[0.03800] , ndcg@20=[0.01559]
#####Early stopping steps: 1 #####
Pre_Epoch 21 [1.8s]: train==[0.08465=0.06808 + 0.01657 + 0.00000]
Pre_Epoch 22 [1.6s]: train==[0.07808=0.06179 + 0.01629 + 0.00000]
Pre_Epoch 23 [1.6s]: train==[0.07462=0.05888 + 0.01574 + 0.00000]
Pre_Epoch 24 [1.6s]: train==[0.07481=0.05913 + 0.01569 + 0.00000]
Pre_Epoch 25 [1.6s]: train==[0.07290=0.05721 + 0.01568 + 0.00000]
Pre_Epoch 25 [1.6s + 99.9s]:  val==[0.07290=0.05721 + 0.01568 + 0.00000]
precision@10=[0.00180], recall@10=[0.01800] , ndcg@10=[0.01078]
precision@20=[0.00190], recall@20=[0.03800] , ndcg@20=[0.01582]
#####Early stopping steps: 2 #####
Pre_Epoch 26 [1.6s]: train==[0.06582=0.05065 + 0.01517 + 0.00000]
Pre_Epoch 27 [1.7s]: train==[0.06429=0.04922 + 0.01506 + 0.00000]
Pre_Epoch 28 [1.6s]: train==[0.06545=0.05046 + 0.01499 + 0.00000]
Pre_Epoch 29 [1.7s]: train==[0.06183=0.04700 + 0.01483 + 0.00000]
Final  {'precision': array([0.003 , 0.0023]), 'recall': array([0.02866667, 0.04466667]), 'ndcg': array([0.01411652, 0.01817027]), 'auc': 0.0}
